0 info it worked if it ends with ok
1 verbose cli [ 'node', '/usr/local/bin/npm', 'install' ]
2 info using npm@1.4.28
3 info using node@v0.10.35
4 verbose readDependencies using package.json deps
5 verbose install where, deps [ '/Users/linux_dev/Angular2SampleApp/Angular2-GettingStarted/APM',
5 verbose install   [ 'angular2',
5 verbose install     'systemjs',
5 verbose install     'es6-shim',
5 verbose install     'reflect-metadata',
5 verbose install     'rxjs',
5 verbose install     'zone.js',
5 verbose install     'bootstrap',
5 verbose install     'concurrently',
5 verbose install     'lite-server',
5 verbose install     'typescript',
5 verbose install     'typings' ] ]
6 info preinstall product-management@1.0.0
7 verbose readDependencies using package.json deps
8 verbose cache add [ 'angular2@2.0.0-beta.15', null ]
9 verbose cache add name=undefined spec="angular2@2.0.0-beta.15" args=["angular2@2.0.0-beta.15",null]
10 verbose parsed url { protocol: null,
10 verbose parsed url   slashes: null,
10 verbose parsed url   auth: null,
10 verbose parsed url   host: null,
10 verbose parsed url   port: null,
10 verbose parsed url   hostname: null,
10 verbose parsed url   hash: null,
10 verbose parsed url   search: null,
10 verbose parsed url   query: null,
10 verbose parsed url   pathname: 'angular2@2.0.0-beta.15',
10 verbose parsed url   path: 'angular2@2.0.0-beta.15',
10 verbose parsed url   href: 'angular2@2.0.0-beta.15' }
11 verbose cache add [ 'systemjs@0.19.26', null ]
12 verbose cache add name=undefined spec="systemjs@0.19.26" args=["systemjs@0.19.26",null]
13 verbose parsed url { protocol: null,
13 verbose parsed url   slashes: null,
13 verbose parsed url   auth: null,
13 verbose parsed url   host: null,
13 verbose parsed url   port: null,
13 verbose parsed url   hostname: null,
13 verbose parsed url   hash: null,
13 verbose parsed url   search: null,
13 verbose parsed url   query: null,
13 verbose parsed url   pathname: 'systemjs@0.19.26',
13 verbose parsed url   path: 'systemjs@0.19.26',
13 verbose parsed url   href: 'systemjs@0.19.26' }
14 verbose cache add [ 'es6-shim@^0.35.0', null ]
15 verbose cache add name=undefined spec="es6-shim@^0.35.0" args=["es6-shim@^0.35.0",null]
16 verbose parsed url { protocol: null,
16 verbose parsed url   slashes: null,
16 verbose parsed url   auth: null,
16 verbose parsed url   host: null,
16 verbose parsed url   port: null,
16 verbose parsed url   hostname: null,
16 verbose parsed url   hash: null,
16 verbose parsed url   search: null,
16 verbose parsed url   query: null,
16 verbose parsed url   pathname: 'es6-shim@^0.35.0',
16 verbose parsed url   path: 'es6-shim@^0.35.0',
16 verbose parsed url   href: 'es6-shim@^0.35.0' }
17 verbose cache add name="angular2" spec="2.0.0-beta.15" args=["angular2","2.0.0-beta.15"]
18 verbose parsed url { protocol: null,
18 verbose parsed url   slashes: null,
18 verbose parsed url   auth: null,
18 verbose parsed url   host: null,
18 verbose parsed url   port: null,
18 verbose parsed url   hostname: null,
18 verbose parsed url   hash: null,
18 verbose parsed url   search: null,
18 verbose parsed url   query: null,
18 verbose parsed url   pathname: '2.0.0-beta.15',
18 verbose parsed url   path: '2.0.0-beta.15',
18 verbose parsed url   href: '2.0.0-beta.15' }
19 verbose addNamed [ 'angular2', '2.0.0-beta.15' ]
20 verbose addNamed [ '2.0.0-beta.15', '2.0.0-beta.15' ]
21 verbose cache add name="systemjs" spec="0.19.26" args=["systemjs","0.19.26"]
22 verbose parsed url { protocol: null,
22 verbose parsed url   slashes: null,
22 verbose parsed url   auth: null,
22 verbose parsed url   host: null,
22 verbose parsed url   port: null,
22 verbose parsed url   hostname: null,
22 verbose parsed url   hash: null,
22 verbose parsed url   search: null,
22 verbose parsed url   query: null,
22 verbose parsed url   pathname: '0.19.26',
22 verbose parsed url   path: '0.19.26',
22 verbose parsed url   href: '0.19.26' }
23 verbose addNamed [ 'systemjs', '0.19.26' ]
24 verbose addNamed [ '0.19.26', '0.19.26' ]
25 verbose cache add [ 'reflect-metadata@0.1.2', null ]
26 verbose cache add name=undefined spec="reflect-metadata@0.1.2" args=["reflect-metadata@0.1.2",null]
27 verbose parsed url { protocol: null,
27 verbose parsed url   slashes: null,
27 verbose parsed url   auth: null,
27 verbose parsed url   host: null,
27 verbose parsed url   port: null,
27 verbose parsed url   hostname: null,
27 verbose parsed url   hash: null,
27 verbose parsed url   search: null,
27 verbose parsed url   query: null,
27 verbose parsed url   pathname: 'reflect-metadata@0.1.2',
27 verbose parsed url   path: 'reflect-metadata@0.1.2',
27 verbose parsed url   href: 'reflect-metadata@0.1.2' }
28 verbose cache add [ 'rxjs@5.0.0-beta.2', null ]
29 verbose cache add name=undefined spec="rxjs@5.0.0-beta.2" args=["rxjs@5.0.0-beta.2",null]
30 verbose parsed url { protocol: null,
30 verbose parsed url   slashes: null,
30 verbose parsed url   auth: null,
30 verbose parsed url   host: null,
30 verbose parsed url   port: null,
30 verbose parsed url   hostname: null,
30 verbose parsed url   hash: null,
30 verbose parsed url   search: null,
30 verbose parsed url   query: null,
30 verbose parsed url   pathname: 'rxjs@5.0.0-beta.2',
30 verbose parsed url   path: 'rxjs@5.0.0-beta.2',
30 verbose parsed url   href: 'rxjs@5.0.0-beta.2' }
31 verbose cache add name="es6-shim" spec="^0.35.0" args=["es6-shim","^0.35.0"]
32 verbose parsed url { protocol: null,
32 verbose parsed url   slashes: null,
32 verbose parsed url   auth: null,
32 verbose parsed url   host: null,
32 verbose parsed url   port: null,
32 verbose parsed url   hostname: null,
32 verbose parsed url   hash: null,
32 verbose parsed url   search: null,
32 verbose parsed url   query: null,
32 verbose parsed url   pathname: '^0.35.0',
32 verbose parsed url   path: '^0.35.0',
32 verbose parsed url   href: '^0.35.0' }
33 verbose addNamed [ 'es6-shim', '^0.35.0' ]
34 verbose addNamed [ null, '>=0.35.0-0 <0.36.0-0' ]
35 silly lockFile 104393a3-angular2-2-0-0-beta-15 angular2@2.0.0-beta.15
36 verbose lock angular2@2.0.0-beta.15 /Users/linux_dev/.npm/104393a3-angular2-2-0-0-beta-15.lock
37 silly lockFile 21eb813b-systemjs-0-19-26 systemjs@0.19.26
38 verbose lock systemjs@0.19.26 /Users/linux_dev/.npm/21eb813b-systemjs-0-19-26.lock
39 silly lockFile e2b5e234-es6-shim-0-35-0 es6-shim@^0.35.0
40 verbose lock es6-shim@^0.35.0 /Users/linux_dev/.npm/e2b5e234-es6-shim-0-35-0.lock
41 verbose cache add name="reflect-metadata" spec="0.1.2" args=["reflect-metadata","0.1.2"]
42 verbose parsed url { protocol: null,
42 verbose parsed url   slashes: null,
42 verbose parsed url   auth: null,
42 verbose parsed url   host: null,
42 verbose parsed url   port: null,
42 verbose parsed url   hostname: null,
42 verbose parsed url   hash: null,
42 verbose parsed url   search: null,
42 verbose parsed url   query: null,
42 verbose parsed url   pathname: '0.1.2',
42 verbose parsed url   path: '0.1.2',
42 verbose parsed url   href: '0.1.2' }
43 verbose addNamed [ 'reflect-metadata', '0.1.2' ]
44 verbose addNamed [ '0.1.2', '0.1.2' ]
45 silly lockFile 3443f81d-reflect-metadata-0-1-2 reflect-metadata@0.1.2
46 verbose lock reflect-metadata@0.1.2 /Users/linux_dev/.npm/3443f81d-reflect-metadata-0-1-2.lock
47 verbose cache add [ 'zone.js@0.6.10', null ]
48 verbose cache add name=undefined spec="zone.js@0.6.10" args=["zone.js@0.6.10",null]
49 verbose parsed url { protocol: null,
49 verbose parsed url   slashes: null,
49 verbose parsed url   auth: null,
49 verbose parsed url   host: null,
49 verbose parsed url   port: null,
49 verbose parsed url   hostname: null,
49 verbose parsed url   hash: null,
49 verbose parsed url   search: null,
49 verbose parsed url   query: null,
49 verbose parsed url   pathname: 'zone.js@0.6.10',
49 verbose parsed url   path: 'zone.js@0.6.10',
49 verbose parsed url   href: 'zone.js@0.6.10' }
50 verbose cache add [ 'bootstrap@^3.3.6', null ]
51 verbose cache add name=undefined spec="bootstrap@^3.3.6" args=["bootstrap@^3.3.6",null]
52 verbose parsed url { protocol: null,
52 verbose parsed url   slashes: null,
52 verbose parsed url   auth: null,
52 verbose parsed url   host: null,
52 verbose parsed url   port: null,
52 verbose parsed url   hostname: null,
52 verbose parsed url   hash: null,
52 verbose parsed url   search: null,
52 verbose parsed url   query: null,
52 verbose parsed url   pathname: 'bootstrap@^3.3.6',
52 verbose parsed url   path: 'bootstrap@^3.3.6',
52 verbose parsed url   href: 'bootstrap@^3.3.6' }
53 verbose cache add [ 'concurrently@^2.0.0', null ]
54 verbose cache add name=undefined spec="concurrently@^2.0.0" args=["concurrently@^2.0.0",null]
55 verbose parsed url { protocol: null,
55 verbose parsed url   slashes: null,
55 verbose parsed url   auth: null,
55 verbose parsed url   host: null,
55 verbose parsed url   port: null,
55 verbose parsed url   hostname: null,
55 verbose parsed url   hash: null,
55 verbose parsed url   search: null,
55 verbose parsed url   query: null,
55 verbose parsed url   pathname: 'concurrently@^2.0.0',
55 verbose parsed url   path: 'concurrently@^2.0.0',
55 verbose parsed url   href: 'concurrently@^2.0.0' }
56 verbose cache add name="rxjs" spec="5.0.0-beta.2" args=["rxjs","5.0.0-beta.2"]
57 verbose parsed url { protocol: null,
57 verbose parsed url   slashes: null,
57 verbose parsed url   auth: null,
57 verbose parsed url   host: null,
57 verbose parsed url   port: null,
57 verbose parsed url   hostname: null,
57 verbose parsed url   hash: null,
57 verbose parsed url   search: null,
57 verbose parsed url   query: null,
57 verbose parsed url   pathname: '5.0.0-beta.2',
57 verbose parsed url   path: '5.0.0-beta.2',
57 verbose parsed url   href: '5.0.0-beta.2' }
58 verbose addNamed [ 'rxjs', '5.0.0-beta.2' ]
59 verbose addNamed [ '5.0.0-beta.2', '5.0.0-beta.2' ]
60 silly lockFile 0a158e3a-rxjs-5-0-0-beta-2 rxjs@5.0.0-beta.2
61 verbose lock rxjs@5.0.0-beta.2 /Users/linux_dev/.npm/0a158e3a-rxjs-5-0-0-beta-2.lock
62 verbose cache add name="zone.js" spec="0.6.10" args=["zone.js","0.6.10"]
63 verbose parsed url { protocol: null,
63 verbose parsed url   slashes: null,
63 verbose parsed url   auth: null,
63 verbose parsed url   host: null,
63 verbose parsed url   port: null,
63 verbose parsed url   hostname: null,
63 verbose parsed url   hash: null,
63 verbose parsed url   search: null,
63 verbose parsed url   query: null,
63 verbose parsed url   pathname: '0.6.10',
63 verbose parsed url   path: '0.6.10',
63 verbose parsed url   href: '0.6.10' }
64 verbose addNamed [ 'zone.js', '0.6.10' ]
65 verbose addNamed [ '0.6.10', '0.6.10' ]
66 silly lockFile e432be05-zone-js-0-6-10 zone.js@0.6.10
67 verbose lock zone.js@0.6.10 /Users/linux_dev/.npm/e432be05-zone-js-0-6-10.lock
68 verbose cache add name="bootstrap" spec="^3.3.6" args=["bootstrap","^3.3.6"]
69 verbose parsed url { protocol: null,
69 verbose parsed url   slashes: null,
69 verbose parsed url   auth: null,
69 verbose parsed url   host: null,
69 verbose parsed url   port: null,
69 verbose parsed url   hostname: null,
69 verbose parsed url   hash: null,
69 verbose parsed url   search: null,
69 verbose parsed url   query: null,
69 verbose parsed url   pathname: '^3.3.6',
69 verbose parsed url   path: '^3.3.6',
69 verbose parsed url   href: '^3.3.6' }
70 verbose addNamed [ 'bootstrap', '^3.3.6' ]
71 verbose addNamed [ null, '>=3.3.6-0 <4.0.0-0' ]
72 silly lockFile 2b45a5a4-bootstrap-3-3-6 bootstrap@^3.3.6
73 verbose lock bootstrap@^3.3.6 /Users/linux_dev/.npm/2b45a5a4-bootstrap-3-3-6.lock
74 verbose cache add [ 'lite-server@^2.2.0', null ]
75 verbose cache add name=undefined spec="lite-server@^2.2.0" args=["lite-server@^2.2.0",null]
76 verbose parsed url { protocol: null,
76 verbose parsed url   slashes: null,
76 verbose parsed url   auth: null,
76 verbose parsed url   host: null,
76 verbose parsed url   port: null,
76 verbose parsed url   hostname: null,
76 verbose parsed url   hash: null,
76 verbose parsed url   search: null,
76 verbose parsed url   query: null,
76 verbose parsed url   pathname: 'lite-server@^2.2.0',
76 verbose parsed url   path: 'lite-server@^2.2.0',
76 verbose parsed url   href: 'lite-server@^2.2.0' }
77 verbose cache add [ 'typescript@^1.8.10', null ]
78 verbose cache add name=undefined spec="typescript@^1.8.10" args=["typescript@^1.8.10",null]
79 verbose parsed url { protocol: null,
79 verbose parsed url   slashes: null,
79 verbose parsed url   auth: null,
79 verbose parsed url   host: null,
79 verbose parsed url   port: null,
79 verbose parsed url   hostname: null,
79 verbose parsed url   hash: null,
79 verbose parsed url   search: null,
79 verbose parsed url   query: null,
79 verbose parsed url   pathname: 'typescript@^1.8.10',
79 verbose parsed url   path: 'typescript@^1.8.10',
79 verbose parsed url   href: 'typescript@^1.8.10' }
80 verbose cache add [ 'typings@^0.7.12', null ]
81 verbose cache add name=undefined spec="typings@^0.7.12" args=["typings@^0.7.12",null]
82 verbose parsed url { protocol: null,
82 verbose parsed url   slashes: null,
82 verbose parsed url   auth: null,
82 verbose parsed url   host: null,
82 verbose parsed url   port: null,
82 verbose parsed url   hostname: null,
82 verbose parsed url   hash: null,
82 verbose parsed url   search: null,
82 verbose parsed url   query: null,
82 verbose parsed url   pathname: 'typings@^0.7.12',
82 verbose parsed url   path: 'typings@^0.7.12',
82 verbose parsed url   href: 'typings@^0.7.12' }
83 verbose cache add name="concurrently" spec="^2.0.0" args=["concurrently","^2.0.0"]
84 verbose parsed url { protocol: null,
84 verbose parsed url   slashes: null,
84 verbose parsed url   auth: null,
84 verbose parsed url   host: null,
84 verbose parsed url   port: null,
84 verbose parsed url   hostname: null,
84 verbose parsed url   hash: null,
84 verbose parsed url   search: null,
84 verbose parsed url   query: null,
84 verbose parsed url   pathname: '^2.0.0',
84 verbose parsed url   path: '^2.0.0',
84 verbose parsed url   href: '^2.0.0' }
85 verbose addNamed [ 'concurrently', '^2.0.0' ]
86 verbose addNamed [ null, '>=2.0.0-0 <3.0.0-0' ]
87 silly lockFile fbc10fe1-concurrently-2-0-0 concurrently@^2.0.0
88 verbose lock concurrently@^2.0.0 /Users/linux_dev/.npm/fbc10fe1-concurrently-2-0-0.lock
89 verbose cache add name="lite-server" spec="^2.2.0" args=["lite-server","^2.2.0"]
90 verbose parsed url { protocol: null,
90 verbose parsed url   slashes: null,
90 verbose parsed url   auth: null,
90 verbose parsed url   host: null,
90 verbose parsed url   port: null,
90 verbose parsed url   hostname: null,
90 verbose parsed url   hash: null,
90 verbose parsed url   search: null,
90 verbose parsed url   query: null,
90 verbose parsed url   pathname: '^2.2.0',
90 verbose parsed url   path: '^2.2.0',
90 verbose parsed url   href: '^2.2.0' }
91 verbose addNamed [ 'lite-server', '^2.2.0' ]
92 verbose addNamed [ null, '>=2.2.0-0 <3.0.0-0' ]
93 silly lockFile 492ac1bf-lite-server-2-2-0 lite-server@^2.2.0
94 verbose lock lite-server@^2.2.0 /Users/linux_dev/.npm/492ac1bf-lite-server-2-2-0.lock
95 verbose cache add name="typescript" spec="^1.8.10" args=["typescript","^1.8.10"]
96 verbose parsed url { protocol: null,
96 verbose parsed url   slashes: null,
96 verbose parsed url   auth: null,
96 verbose parsed url   host: null,
96 verbose parsed url   port: null,
96 verbose parsed url   hostname: null,
96 verbose parsed url   hash: null,
96 verbose parsed url   search: null,
96 verbose parsed url   query: null,
96 verbose parsed url   pathname: '^1.8.10',
96 verbose parsed url   path: '^1.8.10',
96 verbose parsed url   href: '^1.8.10' }
97 verbose addNamed [ 'typescript', '^1.8.10' ]
98 verbose addNamed [ null, '>=1.8.10-0 <2.0.0-0' ]
99 silly lockFile 9c6da458-typescript-1-8-10 typescript@^1.8.10
100 verbose lock typescript@^1.8.10 /Users/linux_dev/.npm/9c6da458-typescript-1-8-10.lock
101 verbose cache add name="typings" spec="^0.7.12" args=["typings","^0.7.12"]
102 verbose parsed url { protocol: null,
102 verbose parsed url   slashes: null,
102 verbose parsed url   auth: null,
102 verbose parsed url   host: null,
102 verbose parsed url   port: null,
102 verbose parsed url   hostname: null,
102 verbose parsed url   hash: null,
102 verbose parsed url   search: null,
102 verbose parsed url   query: null,
102 verbose parsed url   pathname: '^0.7.12',
102 verbose parsed url   path: '^0.7.12',
102 verbose parsed url   href: '^0.7.12' }
103 verbose addNamed [ 'typings', '^0.7.12' ]
104 verbose addNamed [ null, '>=0.7.12-0 <0.8.0-0' ]
105 silly lockFile b475a3f4-typings-0-7-12 typings@^0.7.12
106 verbose lock typings@^0.7.12 /Users/linux_dev/.npm/b475a3f4-typings-0-7-12.lock
107 silly addNameRange { name: 'es6-shim',
107 silly addNameRange   range: '>=0.35.0-0 <0.36.0-0',
107 silly addNameRange   hasData: false }
108 silly addNameRange { name: 'bootstrap',
108 silly addNameRange   range: '>=3.3.6-0 <4.0.0-0',
108 silly addNameRange   hasData: false }
109 verbose request where is /angular2
110 verbose request registry https://registry.npmjs.org/
111 verbose request id 0bc08e8d40d1273c
112 verbose url raw /angular2
113 verbose url resolving [ 'https://registry.npmjs.org/', './angular2' ]
114 verbose url resolved https://registry.npmjs.org/angular2
115 verbose request where is https://registry.npmjs.org/angular2
116 info trying registry request attempt 1 at 00:04:12
117 http GET https://registry.npmjs.org/angular2
118 verbose request where is /systemjs
119 verbose request registry https://registry.npmjs.org/
120 verbose url raw /systemjs
121 verbose url resolving [ 'https://registry.npmjs.org/', './systemjs' ]
122 verbose url resolved https://registry.npmjs.org/systemjs
123 verbose request where is https://registry.npmjs.org/systemjs
124 info trying registry request attempt 1 at 00:04:12
125 http GET https://registry.npmjs.org/systemjs
126 silly addNameRange { name: 'concurrently',
126 silly addNameRange   range: '>=2.0.0-0 <3.0.0-0',
126 silly addNameRange   hasData: false }
127 silly addNameRange { name: 'lite-server',
127 silly addNameRange   range: '>=2.2.0-0 <3.0.0-0',
127 silly addNameRange   hasData: false }
128 silly addNameRange { name: 'typescript',
128 silly addNameRange   range: '>=1.8.10-0 <2.0.0-0',
128 silly addNameRange   hasData: false }
129 verbose request where is /es6-shim
130 verbose request registry https://registry.npmjs.org/
131 verbose url raw /es6-shim
132 verbose url resolving [ 'https://registry.npmjs.org/', './es6-shim' ]
133 verbose url resolved https://registry.npmjs.org/es6-shim
134 verbose request where is https://registry.npmjs.org/es6-shim
135 info trying registry request attempt 1 at 00:04:12
136 http GET https://registry.npmjs.org/es6-shim
137 verbose request where is /reflect-metadata
138 verbose request registry https://registry.npmjs.org/
139 verbose url raw /reflect-metadata
140 verbose url resolving [ 'https://registry.npmjs.org/', './reflect-metadata' ]
141 verbose url resolved https://registry.npmjs.org/reflect-metadata
142 verbose request where is https://registry.npmjs.org/reflect-metadata
143 info trying registry request attempt 1 at 00:04:12
144 http GET https://registry.npmjs.org/reflect-metadata
145 verbose request where is /rxjs
146 verbose request registry https://registry.npmjs.org/
147 verbose url raw /rxjs
148 verbose url resolving [ 'https://registry.npmjs.org/', './rxjs' ]
149 verbose url resolved https://registry.npmjs.org/rxjs
150 verbose request where is https://registry.npmjs.org/rxjs
151 info trying registry request attempt 1 at 00:04:12
152 http GET https://registry.npmjs.org/rxjs
153 verbose request where is /zone.js
154 verbose request registry https://registry.npmjs.org/
155 verbose url raw /zone.js
156 verbose url resolving [ 'https://registry.npmjs.org/', './zone.js' ]
157 verbose url resolved https://registry.npmjs.org/zone.js
158 verbose request where is https://registry.npmjs.org/zone.js
159 info trying registry request attempt 1 at 00:04:12
160 http GET https://registry.npmjs.org/zone.js
161 verbose request where is /concurrently
162 verbose request registry https://registry.npmjs.org/
163 verbose url raw /concurrently
164 verbose url resolving [ 'https://registry.npmjs.org/', './concurrently' ]
165 verbose url resolved https://registry.npmjs.org/concurrently
166 verbose request where is https://registry.npmjs.org/concurrently
167 info trying registry request attempt 1 at 00:04:12
168 http GET https://registry.npmjs.org/concurrently
169 verbose request where is /lite-server
170 verbose request registry https://registry.npmjs.org/
171 verbose url raw /lite-server
172 verbose url resolving [ 'https://registry.npmjs.org/', './lite-server' ]
173 verbose url resolved https://registry.npmjs.org/lite-server
174 verbose request where is https://registry.npmjs.org/lite-server
175 info trying registry request attempt 1 at 00:04:12
176 http GET https://registry.npmjs.org/lite-server
177 verbose request where is /typescript
178 verbose request registry https://registry.npmjs.org/
179 verbose url raw /typescript
180 verbose url resolving [ 'https://registry.npmjs.org/', './typescript' ]
181 verbose url resolved https://registry.npmjs.org/typescript
182 verbose request where is https://registry.npmjs.org/typescript
183 info trying registry request attempt 1 at 00:04:12
184 http GET https://registry.npmjs.org/typescript
185 silly addNameRange { name: 'typings', range: '>=0.7.12-0 <0.8.0-0', hasData: false }
186 verbose request where is /typings
187 verbose request registry https://registry.npmjs.org/
188 verbose url raw /typings
189 verbose url resolving [ 'https://registry.npmjs.org/', './typings' ]
190 verbose url resolved https://registry.npmjs.org/typings
191 verbose request where is https://registry.npmjs.org/typings
192 info trying registry request attempt 1 at 00:04:12
193 http GET https://registry.npmjs.org/typings
194 verbose request where is /bootstrap
195 verbose request registry https://registry.npmjs.org/
196 verbose url raw /bootstrap
197 verbose url resolving [ 'https://registry.npmjs.org/', './bootstrap' ]
198 verbose url resolved https://registry.npmjs.org/bootstrap
199 verbose request where is https://registry.npmjs.org/bootstrap
200 info trying registry request attempt 1 at 00:04:12
201 verbose etag "BHAO5SWRA0BHFTYXKWNBZ4LS9"
202 http GET https://registry.npmjs.org/bootstrap
203 http 200 https://registry.npmjs.org/reflect-metadata
204 silly registry.get cb [ 200,
204 silly registry.get   { server: 'CouchDB/1.5.0 (Erlang OTP/R16B03)',
204 silly registry.get     etag: '"3FUNPAFFOC9BUD78M5LTTM94C"',
204 silly registry.get     'content-type': 'application/json',
204 silly registry.get     'content-encoding': 'gzip',
204 silly registry.get     'cache-control': 'max-age=300',
204 silly registry.get     'content-length': '5261',
204 silly registry.get     'accept-ranges': 'bytes',
204 silly registry.get     date: 'Sat, 03 Sep 2016 07:04:12 GMT',
204 silly registry.get     via: '1.1 varnish',
204 silly registry.get     age: '0',
204 silly registry.get     connection: 'keep-alive',
204 silly registry.get     'x-served-by': 'cache-sea1925-SEA',
204 silly registry.get     'x-cache': 'HIT',
204 silly registry.get     'x-cache-hits': '1',
204 silly registry.get     'x-timer': 'S1472886252.499021,VS0,VE19',
204 silly registry.get     vary: 'Accept-Encoding' } ]
205 http 200 https://registry.npmjs.org/es6-shim
206 silly registry.get cb [ 200,
206 silly registry.get   { server: 'CouchDB/1.5.0 (Erlang OTP/R16B03)',
206 silly registry.get     etag: '"BRH51LH4LM9GX7DLAEBNVU7AR"',
206 silly registry.get     'content-type': 'application/json',
206 silly registry.get     'content-encoding': 'gzip',
206 silly registry.get     'cache-control': 'max-age=300',
206 silly registry.get     'content-length': '21161',
206 silly registry.get     'accept-ranges': 'bytes',
206 silly registry.get     date: 'Sat, 03 Sep 2016 07:04:12 GMT',
206 silly registry.get     via: '1.1 varnish',
206 silly registry.get     age: '281',
206 silly registry.get     connection: 'keep-alive',
206 silly registry.get     'x-served-by': 'cache-sea1926-SEA',
206 silly registry.get     'x-cache': 'HIT',
206 silly registry.get     'x-cache-hits': '4',
206 silly registry.get     'x-timer': 'S1472886252.498088,VS0,VE0',
206 silly registry.get     vary: 'Accept-Encoding' } ]
207 silly lockFile cd27abb7-adata-reflect-metadata-0-1-2-tgz https://registry.npmjs.org/reflect-metadata/-/reflect-metadata-0.1.2.tgz
208 verbose lock https://registry.npmjs.org/reflect-metadata/-/reflect-metadata-0.1.2.tgz /Users/linux_dev/.npm/cd27abb7-adata-reflect-metadata-0-1-2-tgz.lock
209 http 200 https://registry.npmjs.org/rxjs
210 silly registry.get cb [ 200,
210 silly registry.get   { server: 'CouchDB/1.5.0 (Erlang OTP/R16B03)',
210 silly registry.get     etag: '"573OSV5IFBV7DRGYIWNTBTQMS"',
210 silly registry.get     'content-type': 'application/json',
210 silly registry.get     'content-encoding': 'gzip',
210 silly registry.get     'cache-control': 'max-age=300',
210 silly registry.get     'content-length': '10623',
210 silly registry.get     'accept-ranges': 'bytes',
210 silly registry.get     date: 'Sat, 03 Sep 2016 07:04:12 GMT',
210 silly registry.get     via: '1.1 varnish',
210 silly registry.get     age: '0',
210 silly registry.get     connection: 'keep-alive',
210 silly registry.get     'x-served-by': 'cache-sea1923-SEA',
210 silly registry.get     'x-cache': 'HIT',
210 silly registry.get     'x-cache-hits': '1',
210 silly registry.get     'x-timer': 'S1472886252.506290,VS0,VE19',
210 silly registry.get     vary: 'Accept-Encoding' } ]
211 http 200 https://registry.npmjs.org/concurrently
212 silly registry.get cb [ 200,
212 silly registry.get   { server: 'CouchDB/1.5.0 (Erlang OTP/R16B03)',
212 silly registry.get     etag: '"14T5F2DFZLK5IX7ROV6VIIGAM"',
212 silly registry.get     'content-type': 'application/json',
212 silly registry.get     'content-encoding': 'gzip',
212 silly registry.get     'cache-control': 'max-age=300',
212 silly registry.get     'content-length': '4382',
212 silly registry.get     'accept-ranges': 'bytes',
212 silly registry.get     date: 'Sat, 03 Sep 2016 07:04:12 GMT',
212 silly registry.get     via: '1.1 varnish',
212 silly registry.get     age: '298',
212 silly registry.get     connection: 'keep-alive',
212 silly registry.get     'x-served-by': 'cache-sea1926-SEA',
212 silly registry.get     'x-cache': 'HIT',
212 silly registry.get     'x-cache-hits': '1',
212 silly registry.get     'x-timer': 'S1472886252.539917,VS0,VE0',
212 silly registry.get     vary: 'Accept-Encoding' } ]
213 http 200 https://registry.npmjs.org/lite-server
214 silly registry.get cb [ 200,
214 silly registry.get   { server: 'CouchDB/1.5.0 (Erlang OTP/R16B03)',
214 silly registry.get     etag: '"1JDJ6473U9BNAP32BN4YMRB0P"',
214 silly registry.get     'content-type': 'application/json',
214 silly registry.get     'content-encoding': 'gzip',
214 silly registry.get     'cache-control': 'max-age=300',
214 silly registry.get     'content-length': '5749',
214 silly registry.get     'accept-ranges': 'bytes',
214 silly registry.get     date: 'Sat, 03 Sep 2016 07:04:12 GMT',
214 silly registry.get     via: '1.1 varnish',
214 silly registry.get     age: '298',
214 silly registry.get     connection: 'keep-alive',
214 silly registry.get     'x-served-by': 'cache-sea1923-SEA',
214 silly registry.get     'x-cache': 'HIT',
214 silly registry.get     'x-cache-hits': '1',
214 silly registry.get     'x-timer': 'S1472886252.551488,VS0,VE0',
214 silly registry.get     vary: 'Accept-Encoding' } ]
215 verbose addRemoteTarball [ 'https://registry.npmjs.org/reflect-metadata/-/reflect-metadata-0.1.2.tgz',
215 verbose addRemoteTarball   'ea23e5823dc830f292822bd3da9b89fd57bffb03' ]
216 http 200 https://registry.npmjs.org/zone.js
217 silly registry.get cb [ 200,
217 silly registry.get   { server: 'CouchDB/1.5.0 (Erlang OTP/R16B03)',
217 silly registry.get     etag: '"9O75UI4GI2SRU6VRTA71TFWOZ"',
217 silly registry.get     'content-type': 'application/json',
217 silly registry.get     'content-encoding': 'gzip',
217 silly registry.get     'cache-control': 'max-age=300',
217 silly registry.get     'content-length': '11093',
217 silly registry.get     'accept-ranges': 'bytes',
217 silly registry.get     date: 'Sat, 03 Sep 2016 07:04:12 GMT',
217 silly registry.get     via: '1.1 varnish',
217 silly registry.get     age: '0',
217 silly registry.get     connection: 'keep-alive',
217 silly registry.get     'x-served-by': 'cache-sea1925-SEA',
217 silly registry.get     'x-cache': 'HIT',
217 silly registry.get     'x-cache-hits': '1',
217 silly registry.get     'x-timer': 'S1472886252.540399,VS0,VE80',
217 silly registry.get     vary: 'Accept-Encoding' } ]
218 http 200 https://registry.npmjs.org/bootstrap
219 silly registry.get cb [ 200,
219 silly registry.get   { server: 'CouchDB/1.5.0 (Erlang OTP/R16B03)',
219 silly registry.get     etag: '"9E0V8G70DB9CNDU25OD2TJ80B"',
219 silly registry.get     'content-type': 'application/json',
219 silly registry.get     'content-encoding': 'gzip',
219 silly registry.get     'cache-control': 'max-age=300',
219 silly registry.get     'content-length': '9737',
219 silly registry.get     'accept-ranges': 'bytes',
219 silly registry.get     date: 'Sat, 03 Sep 2016 07:04:12 GMT',
219 silly registry.get     via: '1.1 varnish',
219 silly registry.get     age: '89',
219 silly registry.get     connection: 'keep-alive',
219 silly registry.get     'x-served-by': 'cache-sea1922-SEA',
219 silly registry.get     'x-cache': 'HIT',
219 silly registry.get     'x-cache-hits': '1',
219 silly registry.get     'x-timer': 'S1472886252.640526,VS0,VE0',
219 silly registry.get     vary: 'Accept-Encoding' } ]
220 silly addNameRange number 2 { name: 'es6-shim',
220 silly addNameRange   range: '>=0.35.0-0 <0.36.0-0',
220 silly addNameRange   hasData: true }
221 silly addNameRange versions [ 'es6-shim',
221 silly addNameRange   [ '0.1.0',
221 silly addNameRange     '0.2.0',
221 silly addNameRange     '0.2.1',
221 silly addNameRange     '0.3.0',
221 silly addNameRange     '0.3.1',
221 silly addNameRange     '0.4.0',
221 silly addNameRange     '0.4.1',
221 silly addNameRange     '0.5.0',
221 silly addNameRange     '0.5.1',
221 silly addNameRange     '0.5.2',
221 silly addNameRange     '0.5.3',
221 silly addNameRange     '0.6.0',
221 silly addNameRange     '0.7.0',
221 silly addNameRange     '0.8.0',
221 silly addNameRange     '0.9.0',
221 silly addNameRange     '0.9.1',
221 silly addNameRange     '0.9.2',
221 silly addNameRange     '0.9.3',
221 silly addNameRange     '0.10.0',
221 silly addNameRange     '0.10.1',
221 silly addNameRange     '0.11.0',
221 silly addNameRange     '0.11.1',
221 silly addNameRange     '0.12.0',
221 silly addNameRange     '0.13.0',
221 silly addNameRange     '0.14.0',
221 silly addNameRange     '0.15.0',
221 silly addNameRange     '0.15.1',
221 silly addNameRange     '0.16.0',
221 silly addNameRange     '0.17.0',
221 silly addNameRange     '0.18.0',
221 silly addNameRange     '0.19.0',
221 silly addNameRange     '0.19.1',
221 silly addNameRange     '0.19.2',
221 silly addNameRange     '0.20.0',
221 silly addNameRange     '0.20.1',
221 silly addNameRange     '0.20.2',
221 silly addNameRange     '0.20.3',
221 silly addNameRange     '0.20.4',
221 silly addNameRange     '0.21.0',
221 silly addNameRange     '0.21.1',
221 silly addNameRange     '0.22.0',
221 silly addNameRange     '0.22.1',
221 silly addNameRange     '0.22.2',
221 silly addNameRange     '0.23.0',
221 silly addNameRange     '0.24.0',
221 silly addNameRange     '0.25.0',
221 silly addNameRange     '0.25.1',
221 silly addNameRange     '0.25.2',
221 silly addNameRange     '0.25.3',
221 silly addNameRange     '0.26.0',
221 silly addNameRange     '0.26.1',
221 silly addNameRange     '0.27.1',
221 silly addNameRange     '0.28.1',
221 silly addNameRange     '0.29.0',
221 silly addNameRange     '0.30.0',
221 silly addNameRange     '0.31.0',
221 silly addNameRange     '0.31.1',
221 silly addNameRange     '0.31.2',
221 silly addNameRange     '0.31.3',
221 silly addNameRange     '0.32.0',
221 silly addNameRange     '0.32.1',
221 silly addNameRange     '0.32.2',
221 silly addNameRange     '0.33.0',
221 silly addNameRange     '0.33.1',
221 silly addNameRange     '0.33.2',
221 silly addNameRange     '0.33.3',
221 silly addNameRange     '0.33.4',
221 silly addNameRange     '0.33.5',
221 silly addNameRange     '0.33.6',
221 silly addNameRange     '0.33.7',
221 silly addNameRange     '0.33.8',
221 silly addNameRange     '0.33.9',
221 silly addNameRange     '0.33.10',
221 silly addNameRange     '0.33.11',
221 silly addNameRange     '0.33.12',
221 silly addNameRange     '0.33.13',
221 silly addNameRange     '0.34.0',
221 silly addNameRange     '0.34.1',
221 silly addNameRange     '0.34.2',
221 silly addNameRange     '0.34.3',
221 silly addNameRange     '0.34.4',
221 silly addNameRange     '0.35.0',
221 silly addNameRange     '0.35.1' ] ]
222 verbose addNamed [ 'es6-shim', '0.35.1' ]
223 verbose addNamed [ '0.35.1', '0.35.1' ]
224 silly lockFile 810e409b-es6-shim-0-35-1 es6-shim@0.35.1
225 verbose lock es6-shim@0.35.1 /Users/linux_dev/.npm/810e409b-es6-shim-0-35-1.lock
226 http 200 https://registry.npmjs.org/systemjs
227 silly registry.get cb [ 200,
227 silly registry.get   { server: 'CouchDB/1.5.0 (Erlang OTP/R16B03)',
227 silly registry.get     etag: '"2ATVCDKVT5B16AFOLS7806JZQ"',
227 silly registry.get     'content-type': 'application/json',
227 silly registry.get     'content-encoding': 'gzip',
227 silly registry.get     'cache-control': 'max-age=300',
227 silly registry.get     'content-length': '17748',
227 silly registry.get     'accept-ranges': 'bytes',
227 silly registry.get     date: 'Sat, 03 Sep 2016 07:04:12 GMT',
227 silly registry.get     via: '1.1 varnish',
227 silly registry.get     age: '0',
227 silly registry.get     connection: 'keep-alive',
227 silly registry.get     'x-served-by': 'cache-sea1922-SEA',
227 silly registry.get     'x-cache': 'HIT',
227 silly registry.get     'x-cache-hits': '1',
227 silly registry.get     'x-timer': 'S1472886252.502104,VS0,VE79',
227 silly registry.get     vary: 'Accept-Encoding' } ]
228 silly lockFile 98a29a3c-org-es6-shim-es6-shim-0-35-1-tgz https://registry.npmjs.org/es6-shim/-/es6-shim-0.35.1.tgz
229 verbose lock https://registry.npmjs.org/es6-shim/-/es6-shim-0.35.1.tgz /Users/linux_dev/.npm/98a29a3c-org-es6-shim-es6-shim-0-35-1-tgz.lock
230 silly addNameRange number 2 { name: 'lite-server',
230 silly addNameRange   range: '>=2.2.0-0 <3.0.0-0',
230 silly addNameRange   hasData: true }
231 silly addNameRange versions [ 'lite-server',
231 silly addNameRange   [ '1.0.0',
231 silly addNameRange     '1.0.1',
231 silly addNameRange     '1.0.3',
231 silly addNameRange     '1.1.0',
231 silly addNameRange     '1.2.0',
231 silly addNameRange     '1.3.0',
231 silly addNameRange     '1.3.1',
231 silly addNameRange     '1.3.2',
231 silly addNameRange     '1.3.3',
231 silly addNameRange     '1.3.4',
231 silly addNameRange     '2.0.0',
231 silly addNameRange     '2.0.1',
231 silly addNameRange     '2.1.0',
231 silly addNameRange     '2.2.0',
231 silly addNameRange     '2.2.2' ] ]
232 verbose addNamed [ 'lite-server', '2.2.2' ]
233 verbose addNamed [ '2.2.2', '2.2.2' ]
234 silly lockFile dc5db658-lite-server-2-2-2 lite-server@2.2.2
235 verbose lock lite-server@2.2.2 /Users/linux_dev/.npm/dc5db658-lite-server-2-2-2.lock
236 silly addNameRange number 2 { name: 'concurrently',
236 silly addNameRange   range: '>=2.0.0-0 <3.0.0-0',
236 silly addNameRange   hasData: true }
237 silly addNameRange versions [ 'concurrently',
237 silly addNameRange   [ '0.0.2',
237 silly addNameRange     '0.0.3',
237 silly addNameRange     '0.0.4',
237 silly addNameRange     '0.0.5',
237 silly addNameRange     '0.1.0',
237 silly addNameRange     '0.1.1',
237 silly addNameRange     '1.0.0',
237 silly addNameRange     '2.0.0',
237 silly addNameRange     '2.1.0',
237 silly addNameRange     '2.2.0' ] ]
238 verbose addNamed [ 'concurrently', '2.2.0' ]
239 verbose addNamed [ '2.2.0', '2.2.0' ]
240 silly lockFile 66b34cb7-concurrently-2-2-0 concurrently@2.2.0
241 verbose lock concurrently@2.2.0 /Users/linux_dev/.npm/66b34cb7-concurrently-2-2-0.lock
242 silly lockFile ae0da9a0-s-org-rxjs-rxjs-5-0-0-beta-2-tgz https://registry.npmjs.org/rxjs/-/rxjs-5.0.0-beta.2.tgz
243 verbose lock https://registry.npmjs.org/rxjs/-/rxjs-5.0.0-beta.2.tgz /Users/linux_dev/.npm/ae0da9a0-s-org-rxjs-rxjs-5-0-0-beta-2-tgz.lock
244 verbose addRemoteTarball [ 'https://registry.npmjs.org/es6-shim/-/es6-shim-0.35.1.tgz',
244 verbose addRemoteTarball   'a23524009005b031ab4a352ac196dfdfd1144ab7' ]
245 info retry fetch attempt 1 at 00:04:12
246 verbose fetch to= /var/folders/l7/9sndrqb509g202x441f6rx0h0000gr/T/npm-3068-m3dTrDfF/registry.npmjs.org/reflect-metadata/-/reflect-metadata-0.1.2.tgz
247 verbose addRemoteTarball [ 'https://registry.npmjs.org/rxjs/-/rxjs-5.0.0-beta.2.tgz',
247 verbose addRemoteTarball   'f775df8b8598c0657031e5ff8ff8251e1c5c0185' ]
248 silly addNameRange number 2 { name: 'bootstrap', range: '>=3.3.6-0 <4.0.0-0', hasData: true }
249 silly addNameRange versions [ 'bootstrap',
249 silly addNameRange   [ '0.0.1',
249 silly addNameRange     '0.0.2',
249 silly addNameRange     '3.1.1',
249 silly addNameRange     '3.2.0',
249 silly addNameRange     '3.3.0',
249 silly addNameRange     '3.3.1',
249 silly addNameRange     '3.3.2',
249 silly addNameRange     '3.3.4',
249 silly addNameRange     '3.3.5',
249 silly addNameRange     '3.3.6',
249 silly addNameRange     '4.0.0-alpha.2',
249 silly addNameRange     '3.3.7',
249 silly addNameRange     '4.0.0-alpha.3' ] ]
250 verbose addNamed [ 'bootstrap', '3.3.7' ]
251 verbose addNamed [ '3.3.7', '3.3.7' ]
252 silly lockFile 7976a4e0-bootstrap-3-3-7 bootstrap@3.3.7
253 verbose lock bootstrap@3.3.7 /Users/linux_dev/.npm/7976a4e0-bootstrap-3-3-7.lock
254 silly lockFile 5b876f05-currently-concurrently-2-2-0-tgz https://registry.npmjs.org/concurrently/-/concurrently-2.2.0.tgz
255 verbose lock https://registry.npmjs.org/concurrently/-/concurrently-2.2.0.tgz /Users/linux_dev/.npm/5b876f05-currently-concurrently-2-2-0-tgz.lock
256 http GET https://registry.npmjs.org/reflect-metadata/-/reflect-metadata-0.1.2.tgz
257 silly lockFile 81d8abc2-s-org-zone-js-zone-js-0-6-10-tgz https://registry.npmjs.org/zone.js/-/zone.js-0.6.10.tgz
258 verbose lock https://registry.npmjs.org/zone.js/-/zone.js-0.6.10.tgz /Users/linux_dev/.npm/81d8abc2-s-org-zone-js-zone-js-0-6-10-tgz.lock
259 silly lockFile cc462207-ite-server-lite-server-2-2-2-tgz https://registry.npmjs.org/lite-server/-/lite-server-2.2.2.tgz
260 verbose lock https://registry.npmjs.org/lite-server/-/lite-server-2.2.2.tgz /Users/linux_dev/.npm/cc462207-ite-server-lite-server-2-2-2-tgz.lock
261 info retry fetch attempt 1 at 00:04:12
262 verbose fetch to= /var/folders/l7/9sndrqb509g202x441f6rx0h0000gr/T/npm-3068-m3dTrDfF/registry.npmjs.org/es6-shim/-/es6-shim-0.35.1.tgz
263 http 200 https://registry.npmjs.org/typings
264 silly registry.get cb [ 200,
264 silly registry.get   { server: 'CouchDB/1.6.1 (Erlang OTP/R16B03)',
264 silly registry.get     etag: '"DH8WJRSB28CTXPZCTI80GUBQF"',
264 silly registry.get     'content-type': 'application/json',
264 silly registry.get     'content-encoding': 'gzip',
264 silly registry.get     'cache-control': 'max-age=300',
264 silly registry.get     'content-length': '19077',
264 silly registry.get     'accept-ranges': 'bytes',
264 silly registry.get     date: 'Sat, 03 Sep 2016 07:04:12 GMT',
264 silly registry.get     via: '1.1 varnish',
264 silly registry.get     age: '297',
264 silly registry.get     connection: 'keep-alive',
264 silly registry.get     'x-served-by': 'cache-sea1923-SEA',
264 silly registry.get     'x-cache': 'HIT',
264 silly registry.get     'x-cache-hits': '2',
264 silly registry.get     'x-timer': 'S1472886252.635080,VS0,VE0',
264 silly registry.get     vary: 'Accept-Encoding' } ]
265 verbose addRemoteTarball [ 'https://registry.npmjs.org/concurrently/-/concurrently-2.2.0.tgz',
265 verbose addRemoteTarball   'bad248e0bb129fb1621768903a6311d45d56895a' ]
266 info retry fetch attempt 1 at 00:04:12
267 verbose fetch to= /var/folders/l7/9sndrqb509g202x441f6rx0h0000gr/T/npm-3068-m3dTrDfF/registry.npmjs.org/rxjs/-/rxjs-5.0.0-beta.2.tgz
268 http 200 https://registry.npmjs.org/angular2
269 silly registry.get cb [ 200,
269 silly registry.get   { server: 'CouchDB/1.5.0 (Erlang OTP/R16B03)',
269 silly registry.get     etag: '"A15AGCUC4DIGMJY072PPASOAE"',
269 silly registry.get     'content-type': 'application/json',
269 silly registry.get     'content-encoding': 'gzip',
269 silly registry.get     'cache-control': 'max-age=300',
269 silly registry.get     'content-length': '9803',
269 silly registry.get     'accept-ranges': 'bytes',
269 silly registry.get     date: 'Sat, 03 Sep 2016 07:04:12 GMT',
269 silly registry.get     via: '1.1 varnish',
269 silly registry.get     age: '0',
269 silly registry.get     connection: 'keep-alive',
269 silly registry.get     'x-served-by': 'cache-sea1927-SEA',
269 silly registry.get     'x-cache': 'MISS',
269 silly registry.get     'x-cache-hits': '0',
269 silly registry.get     'x-timer': 'S1472886252.511562,VS0,VE177',
269 silly registry.get     vary: 'Accept-Encoding' } ]
270 http GET https://registry.npmjs.org/es6-shim/-/es6-shim-0.35.1.tgz
271 verbose addRemoteTarball [ 'https://registry.npmjs.org/lite-server/-/lite-server-2.2.2.tgz',
271 verbose addRemoteTarball   '4644afe6c9146d850cfa0ad9a86a94f87156499e' ]
272 verbose addRemoteTarball [ 'https://registry.npmjs.org/zone.js/-/zone.js-0.6.10.tgz',
272 verbose addRemoteTarball   '2475ab3d195213d8baef3b14dafd96f34798786c' ]
273 http GET https://registry.npmjs.org/rxjs/-/rxjs-5.0.0-beta.2.tgz
274 silly lockFile cdd865a3-rg-systemjs-systemjs-0-19-26-tgz https://registry.npmjs.org/systemjs/-/systemjs-0.19.26.tgz
275 verbose lock https://registry.npmjs.org/systemjs/-/systemjs-0.19.26.tgz /Users/linux_dev/.npm/cdd865a3-rg-systemjs-systemjs-0-19-26-tgz.lock
276 info retry fetch attempt 1 at 00:04:12
277 verbose fetch to= /var/folders/l7/9sndrqb509g202x441f6rx0h0000gr/T/npm-3068-m3dTrDfF/registry.npmjs.org/concurrently/-/concurrently-2.2.0.tgz
278 silly lockFile c393c01f-rg-bootstrap-bootstrap-3-3-7-tgz https://registry.npmjs.org/bootstrap/-/bootstrap-3.3.7.tgz
279 verbose lock https://registry.npmjs.org/bootstrap/-/bootstrap-3.3.7.tgz /Users/linux_dev/.npm/c393c01f-rg-bootstrap-bootstrap-3-3-7-tgz.lock
280 info retry fetch attempt 1 at 00:04:12
281 verbose fetch to= /var/folders/l7/9sndrqb509g202x441f6rx0h0000gr/T/npm-3068-m3dTrDfF/registry.npmjs.org/lite-server/-/lite-server-2.2.2.tgz
282 info retry fetch attempt 1 at 00:04:12
283 verbose fetch to= /var/folders/l7/9sndrqb509g202x441f6rx0h0000gr/T/npm-3068-m3dTrDfF/registry.npmjs.org/zone.js/-/zone.js-0.6.10.tgz
284 verbose addRemoteTarball [ 'https://registry.npmjs.org/systemjs/-/systemjs-0.19.26.tgz',
284 verbose addRemoteTarball   '6cc3e6e08c60ab07a32eb23616d14ab5c96a43e1' ]
285 http GET https://registry.npmjs.org/concurrently/-/concurrently-2.2.0.tgz
286 verbose addRemoteTarball [ 'https://registry.npmjs.org/bootstrap/-/bootstrap-3.3.7.tgz',
286 verbose addRemoteTarball   '5a389394549f23330875a3b150656574f8a9eb71' ]
287 http GET https://registry.npmjs.org/lite-server/-/lite-server-2.2.2.tgz
288 http GET https://registry.npmjs.org/zone.js/-/zone.js-0.6.10.tgz
289 info retry fetch attempt 1 at 00:04:12
290 verbose fetch to= /var/folders/l7/9sndrqb509g202x441f6rx0h0000gr/T/npm-3068-m3dTrDfF/registry.npmjs.org/systemjs/-/systemjs-0.19.26.tgz
291 info retry fetch attempt 1 at 00:04:12
292 verbose fetch to= /var/folders/l7/9sndrqb509g202x441f6rx0h0000gr/T/npm-3068-m3dTrDfF/registry.npmjs.org/bootstrap/-/bootstrap-3.3.7.tgz
293 silly lockFile 2dc82909-ular2-angular2-2-0-0-beta-15-tgz https://registry.npmjs.org/angular2/-/angular2-2.0.0-beta.15.tgz
294 verbose lock https://registry.npmjs.org/angular2/-/angular2-2.0.0-beta.15.tgz /Users/linux_dev/.npm/2dc82909-ular2-angular2-2-0-0-beta-15-tgz.lock
295 http GET https://registry.npmjs.org/systemjs/-/systemjs-0.19.26.tgz
296 silly addNameRange number 2 { name: 'typings', range: '>=0.7.12-0 <0.8.0-0', hasData: true }
297 silly addNameRange versions [ 'typings',
297 silly addNameRange   [ '0.0.0',
297 silly addNameRange     '0.0.2',
297 silly addNameRange     '0.0.3',
297 silly addNameRange     '0.0.4',
297 silly addNameRange     '0.0.5',
297 silly addNameRange     '0.0.6',
297 silly addNameRange     '0.0.7',
297 silly addNameRange     '0.0.8',
297 silly addNameRange     '0.0.9',
297 silly addNameRange     '0.0.10',
297 silly addNameRange     '0.0.11',
297 silly addNameRange     '0.0.12',
297 silly addNameRange     '0.0.13',
297 silly addNameRange     '0.1.0',
297 silly addNameRange     '0.1.1',
297 silly addNameRange     '0.1.2',
297 silly addNameRange     '0.1.3',
297 silly addNameRange     '0.1.4',
297 silly addNameRange     '0.1.5',
297 silly addNameRange     '0.1.6',
297 silly addNameRange     '0.1.7',
297 silly addNameRange     '0.2.0',
297 silly addNameRange     '0.2.1',
297 silly addNameRange     '0.2.2',
297 silly addNameRange     '0.2.3',
297 silly addNameRange     '0.2.4',
297 silly addNameRange     '0.3.0',
297 silly addNameRange     '0.3.1',
297 silly addNameRange     '0.3.2',
297 silly addNameRange     '0.3.3',
297 silly addNameRange     '0.3.4',
297 silly addNameRange     '0.3.5',
297 silly addNameRange     '0.4.0',
297 silly addNameRange     '0.4.1',
297 silly addNameRange     '0.5.0',
297 silly addNameRange     '0.5.1',
297 silly addNameRange     '0.5.2',
297 silly addNameRange     '0.6.0',
297 silly addNameRange     '0.6.1',
297 silly addNameRange     '0.6.2',
297 silly addNameRange     '0.6.3',
297 silly addNameRange     '0.6.4',
297 silly addNameRange     '0.6.5',
297 silly addNameRange     '0.6.6',
297 silly addNameRange     '0.6.7',
297 silly addNameRange     '0.6.8',
297 silly addNameRange     '0.6.9',
297 silly addNameRange     '0.6.10',
297 silly addNameRange     '0.7.0',
297 silly addNameRange     '0.7.1',
297 silly addNameRange     '0.7.2',
297 silly addNameRange     '0.7.3',
297 silly addNameRange     '0.7.4',
297 silly addNameRange     '0.7.5',
297 silly addNameRange     '0.7.6',
297 silly addNameRange     '0.7.7',
297 silly addNameRange     '0.7.8',
297 silly addNameRange     '0.7.9',
297 silly addNameRange     '0.7.10',
297 silly addNameRange     '0.7.11',
297 silly addNameRange     '0.7.12',
297 silly addNameRange     '0.8.0',
297 silly addNameRange     '0.8.1',
297 silly addNameRange     '1.0.1',
297 silly addNameRange     '1.0.2',
297 silly addNameRange     '1.0.3',
297 silly addNameRange     '1.0.4',
297 silly addNameRange     '1.0.5',
297 silly addNameRange     '1.1.0',
297 silly addNameRange     '1.2.0',
297 silly addNameRange     '1.3.0',
297 silly addNameRange     '1.3.1',
297 silly addNameRange     '1.3.2',
297 silly addNameRange     '1.3.3' ] ]
298 verbose addNamed [ 'typings', '0.7.12' ]
299 verbose addNamed [ '0.7.12', '0.7.12' ]
300 silly lockFile 647ba7ee-typings-0-7-12 typings@0.7.12
301 verbose lock typings@0.7.12 /Users/linux_dev/.npm/647ba7ee-typings-0-7-12.lock
302 http GET https://registry.npmjs.org/bootstrap/-/bootstrap-3.3.7.tgz
303 verbose addRemoteTarball [ 'https://registry.npmjs.org/angular2/-/angular2-2.0.0-beta.15.tgz',
303 verbose addRemoteTarball   'd5952c8bc021f75877ed2db36a10d408d4674027' ]
304 http 200 https://registry.npmjs.org/typescript
305 silly registry.get cb [ 200,
305 silly registry.get   { server: 'CouchDB/1.5.0 (Erlang OTP/R16B03)',
305 silly registry.get     etag: '"1128W8N8HGEV58G1GJ5OHOI4Y"',
305 silly registry.get     'content-type': 'application/json',
305 silly registry.get     'content-encoding': 'gzip',
305 silly registry.get     'cache-control': 'max-age=300',
305 silly registry.get     'content-length': '65442',
305 silly registry.get     'accept-ranges': 'bytes',
305 silly registry.get     date: 'Sat, 03 Sep 2016 07:04:12 GMT',
305 silly registry.get     via: '1.1 varnish',
305 silly registry.get     age: '72',
305 silly registry.get     connection: 'keep-alive',
305 silly registry.get     'x-served-by': 'cache-sea1926-SEA',
305 silly registry.get     'x-cache': 'HIT',
305 silly registry.get     'x-cache-hits': '3',
305 silly registry.get     'x-timer': 'S1472886252.634748,VS0,VE0',
305 silly registry.get     vary: 'Accept-Encoding' } ]
306 silly lockFile 5f0a8947-s-org-typings-typings-0-7-12-tgz https://registry.npmjs.org/typings/-/typings-0.7.12.tgz
307 verbose lock https://registry.npmjs.org/typings/-/typings-0.7.12.tgz /Users/linux_dev/.npm/5f0a8947-s-org-typings-typings-0-7-12-tgz.lock
308 info retry fetch attempt 1 at 00:04:12
309 verbose fetch to= /var/folders/l7/9sndrqb509g202x441f6rx0h0000gr/T/npm-3068-m3dTrDfF/registry.npmjs.org/angular2/-/angular2-2.0.0-beta.15.tgz
310 verbose addRemoteTarball [ 'https://registry.npmjs.org/typings/-/typings-0.7.12.tgz',
310 verbose addRemoteTarball   'c1066344e7e2a3593e425d31ffe3cdb3a8f6c894' ]
311 http 200 https://registry.npmjs.org/es6-shim/-/es6-shim-0.35.1.tgz
312 http 200 https://registry.npmjs.org/reflect-metadata/-/reflect-metadata-0.1.2.tgz
313 http GET https://registry.npmjs.org/angular2/-/angular2-2.0.0-beta.15.tgz
314 info retry fetch attempt 1 at 00:04:12
315 verbose fetch to= /var/folders/l7/9sndrqb509g202x441f6rx0h0000gr/T/npm-3068-m3dTrDfF/registry.npmjs.org/typings/-/typings-0.7.12.tgz
316 http GET https://registry.npmjs.org/typings/-/typings-0.7.12.tgz
317 silly addNameRange number 2 { name: 'typescript',
317 silly addNameRange   range: '>=1.8.10-0 <2.0.0-0',
317 silly addNameRange   hasData: true }
318 silly addNameRange versions [ 'typescript',
318 silly addNameRange   [ '0.8.0',
318 silly addNameRange     '0.8.1',
318 silly addNameRange     '0.8.1-1',
318 silly addNameRange     '0.8.2',
318 silly addNameRange     '0.8.3',
318 silly addNameRange     '0.9.0',
318 silly addNameRange     '0.9.0-1',
318 silly addNameRange     '0.9.1',
318 silly addNameRange     '0.9.1-1',
318 silly addNameRange     '0.9.5',
318 silly addNameRange     '0.9.7',
318 silly addNameRange     '1.0.0',
318 silly addNameRange     '1.0.1',
318 silly addNameRange     '1.1.0-1',
318 silly addNameRange     '1.3.0',
318 silly addNameRange     '1.4.1',
318 silly addNameRange     '1.5.0-alpha',
318 silly addNameRange     '1.5.0-beta',
318 silly addNameRange     '1.5.3',
318 silly addNameRange     '1.6.0-dev.20150722.1',
318 silly addNameRange     '1.6.0-dev.20150723',
318 silly addNameRange     '1.6.0-dev.20150724',
318 silly addNameRange     '1.6.0-dev.20150725',
318 silly addNameRange     '1.6.0-dev.20150726',
318 silly addNameRange     '1.6.0-dev.20150727',
318 silly addNameRange     '1.6.0-dev.20150728',
318 silly addNameRange     '1.6.0-dev.20150729',
318 silly addNameRange     '1.6.0-dev.20150730',
318 silly addNameRange     '1.6.0-dev.20150731',
318 silly addNameRange     '1.6.0-dev.20150801',
318 silly addNameRange     '1.6.0-dev.20150802',
318 silly addNameRange     '1.6.0-dev.20150803',
318 silly addNameRange     '1.6.0-dev.20150804',
318 silly addNameRange     '1.6.0-dev.20150805',
318 silly addNameRange     '1.6.0-dev.20150806',
318 silly addNameRange     '1.6.0-dev.20150807',
318 silly addNameRange     '1.6.0-dev.20150808',
318 silly addNameRange     '1.6.0-dev.20150809',
318 silly addNameRange     '1.6.0-dev.20150810',
318 silly addNameRange     '1.6.0-dev.20150811',
318 silly addNameRange     '1.6.0-dev.20150812',
318 silly addNameRange     '1.6.0-dev.20150813',
318 silly addNameRange     '1.6.0-dev.20150814',
318 silly addNameRange     '1.6.0-dev.20150815',
318 silly addNameRange     '1.6.0-dev.20150816',
318 silly addNameRange     '1.6.0-dev.20150817',
318 silly addNameRange     '1.6.0-dev.20150818',
318 silly addNameRange     '1.6.0-dev.20150819',
318 silly addNameRange     '1.6.0-dev.20150820',
318 silly addNameRange     '1.6.0-dev.20150821',
318 silly addNameRange     '1.6.0-dev.20150822',
318 silly addNameRange     '1.6.0-dev.20150823',
318 silly addNameRange     '1.6.0-dev.20150824',
318 silly addNameRange     '1.6.0-dev.20150825',
318 silly addNameRange     '1.7.0-dev.20150826',
318 silly addNameRange     '1.7.0-dev.20150827',
318 silly addNameRange     '1.7.0-dev.20150828',
318 silly addNameRange     '1.7.0-dev.20150829',
318 silly addNameRange     '1.7.0-dev.20150830',
318 silly addNameRange     '1.7.0-dev.20150831',
318 silly addNameRange     '1.7.0-dev.20150901',
318 silly addNameRange     '1.7.0-dev.20150902',
318 silly addNameRange     '1.6.0-beta',
318 silly addNameRange     '1.7.0-dev.20150903',
318 silly addNameRange     '1.7.0-dev.20150904',
318 silly addNameRange     '1.6.0-dev.20150905',
318 silly addNameRange     '1.6.0-dev.20150906',
318 silly addNameRange     '1.6.0-dev.20150907',
318 silly addNameRange     '1.6.0-dev.20150908',
318 silly addNameRange     '1.6.0-dev.20150909',
318 silly addNameRange     '1.6.0-dev.20150910',
318 silly addNameRange     '1.6.0-dev.20150911',
318 silly addNameRange     '1.6.0-dev.20150912',
318 silly addNameRange     '1.6.0-dev.20150913',
318 silly addNameRange     '1.6.0-dev.20150914',
318 silly addNameRange     '1.6.0-dev.20150915',
318 silly addNameRange     '1.7.0-dev.20150916',
318 silly addNameRange     '1.6.2',
318 silly addNameRange     '1.7.0-dev.20150917',
318 silly addNameRange     '1.7.0-dev.20150918',
318 silly addNameRange     '1.7.0-dev.20150919',
318 silly addNameRange     '1.7.0-dev.20150920',
318 silly addNameRange     '1.7.0-dev.20150921',
318 silly addNameRange     '1.7.0-dev.20150922',
318 silly addNameRange     '1.7.0-dev.20150923',
318 silly addNameRange     '1.7.0-dev.20150924',
318 silly addNameRange     '1.7.0-dev.20150925',
318 silly addNameRange     '1.7.0-dev.20150926',
318 silly addNameRange     '1.7.0-dev.20150927',
318 silly addNameRange     '1.7.0-dev.20150928',
318 silly addNameRange     '1.7.0-dev.20150929',
318 silly addNameRange     '1.7.0-dev.20150930',
318 silly addNameRange     '1.7.0-dev.20151001',
318 silly addNameRange     '1.7.0-dev.20151002',
318 silly addNameRange     '1.7.0-dev.20151003',
318 silly addNameRange     '1.7.0-dev.20151004',
318 silly addNameRange     '1.7.0-dev.20151005',
318 silly addNameRange     '1.7.0-dev.20151006',
318 silly addNameRange     '1.7.0-dev.20151014',
318 silly addNameRange     '1.7.0-dev.20151015',
318 silly addNameRange     '1.7.0-dev.20151016',
318 silly addNameRange     '1.8.0-dev.20151017',
318 silly addNameRange     '1.8.0-dev.20151018',
318 silly addNameRange     '1.8.0-dev.20151019',
318 silly addNameRange     '1.8.0-dev.20151020',
318 silly addNameRange     '1.8.0-dev.20151021',
318 silly addNameRange     '1.8.0-dev.20151022',
318 silly addNameRange     '1.8.0-dev.20151023',
318 silly addNameRange     '1.8.0-dev.20151024',
318 silly addNameRange     '1.8.0-dev.20151025',
318 silly addNameRange     '1.8.0-dev.20151026',
318 silly addNameRange     '1.8.0-dev.20151027',
318 silly addNameRange     '1.8.0-dev.20151028',
318 silly addNameRange     '1.8.0-dev.20151029',
318 silly addNameRange     '1.8.0-dev.20151030',
318 silly addNameRange     '1.8.0-dev.20151031',
318 silly addNameRange     '1.8.0-dev.20151101',
318 silly addNameRange     '1.8.0-dev.20151102',
318 silly addNameRange     '1.8.0-dev.20151103',
318 silly addNameRange     '1.8.0-dev.20151104',
318 silly addNameRange     '1.8.0-dev.20151105',
318 silly addNameRange     '1.8.0-dev.20151106',
318 silly addNameRange     '1.8.0-dev.20151107',
318 silly addNameRange     '1.8.0-dev.20151108',
318 silly addNameRange     '1.8.0-dev.20151109',
318 silly addNameRange     '1.8.0-dev.20151110',
318 silly addNameRange     '1.8.0-dev.20151111',
318 silly addNameRange     '1.8.0-dev.20151112',
318 silly addNameRange     '1.8.0-dev.20151113',
318 silly addNameRange     '1.8.0-dev.20151114',
318 silly addNameRange     '1.8.0-dev.20151115',
318 silly addNameRange     '1.8.0-dev.20151116',
318 silly addNameRange     '1.8.0-dev.20151117',
318 silly addNameRange     '1.8.0-dev.20151118',
318 silly addNameRange     '1.8.0-dev.20151119',
318 silly addNameRange     '1.8.0-dev.20151120',
318 silly addNameRange     '1.8.0-dev.20151121',
318 silly addNameRange     '1.8.0-dev.20151122',
318 silly addNameRange     '1.8.0-dev.20151123',
318 silly addNameRange     '1.8.0-dev.20151124',
318 silly addNameRange     '1.8.0-dev.20151125',
318 silly addNameRange     '1.8.0-dev.20151126',
318 silly addNameRange     '1.8.0-dev.20151127',
318 silly addNameRange     '1.8.0-dev.20151128',
318 silly addNameRange     '1.8.0-dev.20151129',
318 silly addNameRange     '1.8.0-dev.20151130',
318 silly addNameRange     '1.7.3',
318 silly addNameRange     '1.8.0-dev.20151201',
318 silly addNameRange     '1.8.0-dev.20151202',
318 silly addNameRange     '1.8.0-dev.20151203',
318 silly addNameRange     '1.8.0-dev.20151204',
318 silly addNameRange     '1.8.0-dev.20151210',
318 silly addNameRange     '1.8.0-dev.20151211',
318 silly addNameRange     '1.8.0-dev.20151212',
318 silly addNameRange     '1.8.0-dev.20151213',
318 silly addNameRange     '1.8.0-dev.20151214',
318 silly addNameRange     '1.7.5',
318 silly addNameRange     '1.8.0-dev.20151215',
318 silly addNameRange     '1.8.0-dev.20151216',
318 silly addNameRange     '1.8.0-dev.20151217',
318 silly addNameRange     '1.8.0-dev.20151218',
318 silly addNameRange     '1.8.0-dev.20151219',
318 silly addNameRange     '1.8.0-dev.20151220',
318 silly addNameRange     '1.8.0-dev.20151221',
318 silly addNameRange     '1.8.0-dev.20151222',
318 silly addNameRange     '1.8.0-dev.20151223',
318 silly addNameRange     '1.8.0-dev.20151224',
318 silly addNameRange     '1.8.0-dev.20151225',
318 silly addNameRange     '1.8.0-dev.20151226',
318 silly addNameRange     '1.8.0-dev.20151227',
318 silly addNameRange     '1.8.0-dev.20151228',
318 silly addNameRange     '1.8.0-dev.20151229',
318 silly addNameRange     '1.8.0-dev.20151230',
318 silly addNameRange     '1.8.0-dev.20151231',
318 silly addNameRange     '1.8.0-dev.20160101',
318 silly addNameRange     '1.8.0-dev.20160102',
318 silly addNameRange     '1.8.0-dev.20160103',
318 silly addNameRange     '1.8.0-dev.20160104',
318 silly addNameRange     '1.8.0-dev.20160105',
318 silly addNameRange     '1.8.0-dev.20160106',
318 silly addNameRange     '1.8.0-dev.20160107',
318 silly addNameRange     '1.8.0-dev.20160108',
318 silly addNameRange     '1.8.0-dev.20160109',
318 silly addNameRange     '1.8.0-dev.20160110',
318 silly addNameRange     '1.8.0-dev.20160111',
318 silly addNameRange     '1.8.0-dev.20160112',
318 silly addNameRange     '1.8.0-dev.20160113',
318 silly addNameRange     '1.8.0-dev.20160114',
318 silly addNameRange     '1.8.0-dev.20160115',
318 silly addNameRange     '1.8.0-dev.20160116',
318 silly addNameRange     '1.8.0-dev.20160117',
318 silly addNameRange     '1.8.0-dev.20160118',
318 silly addNameRange     '1.8.0-dev.20160119',
318 silly addNameRange     '1.8.0-dev.20160120',
318 silly addNameRange     '1.8.0-dev.20160121',
318 silly addNameRange     '1.8.0-dev.20160122',
318 silly addNameRange     '1.8.0-dev.20160123',
318 silly addNameRange     '1.8.0-dev.20160124',
318 silly addNameRange     '1.8.0-dev.20160125',
318 silly addNameRange     '1.9.0-dev.20160126',
318 silly addNameRange     '1.9.0-dev.20160127',
318 silly addNameRange     '1.9.0-dev.20160128',
318 silly addNameRange     '1.8.0',
318 silly addNameRange     '1.9.0-dev.20160129',
318 silly addNameRange     '1.9.0-dev.20160130',
318 silly addNameRange     '1.9.0-dev.20160131',
318 silly addNameRange     '1.9.0-dev.20160201',
318 silly addNameRange     '1.9.0-dev.20160202',
318 silly addNameRange     '1.9.0-dev.20160203',
318 silly addNameRange     '1.9.0-dev.20160204',
318 silly addNameRange     '1.9.0-dev.20160205',
318 silly addNameRange     '1.9.0-dev.20160206',
318 silly addNameRange     '1.9.0-dev.20160207',
318 silly addNameRange     '1.9.0-dev.20160208',
318 silly addNameRange     '1.9.0-dev.20160209',
318 silly addNameRange     '1.9.0-dev.20160210',
318 silly addNameRange     '1.9.0-dev.20160211',
318 silly addNameRange     '1.9.0-dev.20160212',
318 silly addNameRange     '1.9.0-dev.20160213',
318 silly addNameRange     '1.9.0-dev.20160214',
318 silly addNameRange     '1.9.0-dev.20160215',
318 silly addNameRange     '1.9.0-dev.20160216',
318 silly addNameRange     '1.9.0-dev.20160217',
318 silly addNameRange     '1.9.0-dev.20160218',
318 silly addNameRange     '1.9.0-dev.20160219',
318 silly addNameRange     '1.9.0-dev.20160220',
318 silly addNameRange     '1.9.0-dev.20160221',
318 silly addNameRange     '1.9.0-dev.20160222',
318 silly addNameRange     '1.8.2',
318 silly addNameRange     '1.9.0-dev.20160223',
318 silly addNameRange     '1.9.0-dev.20160224',
318 silly addNameRange     '1.9.0-dev.20160225',
318 silly addNameRange     '1.9.0-dev.20160226',
318 silly addNameRange     '1.9.0-dev.20160227',
318 silly addNameRange     '1.9.0-dev.20160228',
318 silly addNameRange     '1.9.0-dev.20160229',
318 silly addNameRange     '1.9.0-dev.20160301',
318 silly addNameRange     '1.8.5',
318 silly addNameRange     '1.8.6',
318 silly addNameRange     '1.8.7',
318 silly addNameRange     '1.9.0-dev.20160302',
318 silly addNameRange     '1.9.0-dev.20160302.1',
318 silly addNameRange     '1.9.0-dev.20160303',
318 silly addNameRange     '1.9.0-dev.20160304',
318 silly addNameRange     '1.9.0-dev.20160305',
318 silly addNameRange     '1.9.0-dev.20160306',
318 silly addNameRange     '1.9.0-dev.20160307',
318 silly addNameRange     '1.9.0-dev.20160308',
318 silly addNameRange     '1.9.0-dev.20160309',
318 silly addNameRange     '1.9.0-dev.20160310',
318 silly addNameRange     '1.9.0-dev.20160311',
318 silly addNameRange     '1.9.0-dev.20160312',
318 silly addNameRange     '1.9.0-dev.20160313',
318 silly addNameRange     '1.9.0-dev.20160315',
318 silly addNameRange     '1.9.0-dev.20160316',
318 silly addNameRange     '1.8.9',
318 silly addNameRange     '1.9.0-dev.20160317',
318 silly addNameRange     '1.9.0-dev.20160318',
318 silly addNameRange     '1.9.0-dev.20160319',
318 silly addNameRange     '1.9.0-dev.20160320',
318 silly addNameRange     '1.9.0-dev.20160321',
318 silly addNameRange     '1.9.0-dev.20160322',
318 silly addNameRange     '1.9.0-dev.20160323',
318 silly addNameRange     '1.9.0-dev.20160324',
318 silly addNameRange     '1.9.0-dev.20160325',
318 silly addNameRange     '1.9.0-dev.20160326',
318 silly addNameRange     '1.9.0-dev.20160327',
318 silly addNameRange     '1.9.0-dev.20160328',
318 silly addNameRange     '1.9.0-dev.20160329',
318 silly addNameRange     '1.9.0-dev.20160330',
318 silly addNameRange     '1.9.0-dev.20160331',
318 silly addNameRange     '1.9.0-dev.20160401',
318 silly addNameRange     '1.9.0-dev.20160402',
318 silly addNameRange     '1.9.0-dev.20160403',
318 silly addNameRange     '1.9.0-dev.20160404',
318 silly addNameRange     '1.9.0-dev.20160405',
318 silly addNameRange     '1.9.0-dev.20160406',
318 silly addNameRange     '1.9.0-dev.20160407',
318 silly addNameRange     '1.9.0-dev.20160408',
318 silly addNameRange     '1.9.0-dev.20160409',
318 silly addNameRange     '1.9.0-dev.20160411',
318 silly addNameRange     '1.9.0-dev.20160412',
318 silly addNameRange     '1.8.10',
318 silly addNameRange     '1.9.0-dev.20160413',
318 silly addNameRange     '1.9.0-dev.20160414',
318 silly addNameRange     '1.9.0-dev.20160415',
318 silly addNameRange     '1.9.0-dev.20160416',
318 silly addNameRange     '1.9.0-dev.20160417',
318 silly addNameRange     '1.9.0-dev.20160418',
318 silly addNameRange     '1.9.0-dev.20160419',
318 silly addNameRange     '1.9.0-dev.20160420',
318 silly addNameRange     '1.9.0-dev.20160421',
318 silly addNameRange     '1.9.0-dev.20160422',
318 silly addNameRange     '1.9.0-dev.20160423',
318 silly addNameRange     '1.9.0-dev.20160424',
318 silly addNameRange     '1.9.0-dev.20160425',
318 silly addNameRange     '1.9.0-dev.20160426',
318 silly addNameRange     '1.9.0-dev.20160427',
318 silly addNameRange     '1.9.0-dev.20160428',
318 silly addNameRange     '1.9.0-dev.20160428-1.0',
318 silly addNameRange     '1.9.0-dev.20160429',
318 silly addNameRange     '1.9.0-dev.20160430',
318 silly addNameRange     '1.9.0-dev.20160501',
318 silly addNameRange     '1.9.0-dev.20160502',
318 silly addNameRange     '1.9.0-dev.20160503',
318 silly addNameRange     '1.9.0-dev.20160504',
318 silly addNameRange     '1.9.0-dev.20160505',
318 silly addNameRange     '1.9.0-dev.20160506',
318 silly addNameRange     '1.9.0-dev.20160507',
318 silly addNameRange     '1.9.0-dev.20160508',
318 silly addNameRange     '1.9.0-dev.20160509',
318 silly addNameRange     '1.9.0-dev.20160510',
318 silly addNameRange     '1.9.0-dev.20160511',
318 silly addNameRange     '1.9.0-dev.20160512',
318 silly addNameRange     '1.9.0-dev.20160513',
318 silly addNameRange     '1.9.0-dev.20160514',
318 silly addNameRange     '1.9.0-dev.20160515',
318 silly addNameRange     '1.9.0-dev.20160516',
318 silly addNameRange     '1.9.0-dev.20160517-1.0',
318 silly addNameRange     '1.9.0-dev.20160518-1.0',
318 silly addNameRange     '1.9.0-dev.20160519-1.0',
318 silly addNameRange     '1.9.0-dev.20160520-1.0',
318 silly addNameRange     '1.9.0-dev.20160521-1.0',
318 silly addNameRange     '1.9.0-dev.20160522-1.0',
318 silly addNameRange     '1.9.0-dev.20160523-1.0',
318 silly addNameRange     '1.9.0-dev.20160524-1.0',
318 silly addNameRange     '1.9.0-dev.20160525-1.0',
318 silly addNameRange     '1.9.0-dev.20160526-1.0',
318 silly addNameRange     '1.9.0-dev.20160527-1.0',
318 silly addNameRange     '1.9.0-dev.20160528-1.0',
318 silly addNameRange     '1.9.0-dev.20160529-1.0',
318 silly addNameRange     '1.9.0-dev.20160530-1.0',
318 silly addNameRange     '1.9.0-dev.20160531-1.0',
318 silly addNameRange     '1.9.0-dev.20160601-1.0',
318 silly addNameRange     '1.9.0-dev.20160602-1.0',
318 silly addNameRange     '1.9.0-dev.20160603-1.0',
318 silly addNameRange     '1.9.0-dev.20160604-1.0',
318 silly addNameRange     '1.9.0-dev.20160605-1.0',
318 silly addNameRange     '1.9.0-dev.20160606-1.0',
318 silly addNameRange     '1.9.0-dev.20160607-1.0',
318 silly addNameRange     '1.9.0-dev.20160608-1.0',
318 silly addNameRange     '1.9.0-dev.20160609-1.0',
318 silly addNameRange     '1.9.0-dev.20160610-1.0',
318 silly addNameRange     '1.9.0-dev.20160611-1.0',
318 silly addNameRange     '1.9.0-dev.20160612-1.0',
318 silly addNameRange     '1.9.0-dev.20160613-1.0',
318 silly addNameRange     '1.9.0-dev.20160614-1.0',
318 silly addNameRange     '1.9.0-dev.20160615-1.0',
318 silly addNameRange     '1.9.0-dev.20160616-1.0',
318 silly addNameRange     '1.9.0-dev.20160617-1.0',
318 silly addNameRange     '1.9.0-dev.20160618-1.0',
318 silly addNameRange     '1.9.0-dev.20160619-1.0',
318 silly addNameRange     '1.9.0-dev.20160620-1.0',
318 silly addNameRange     '1.9.0-dev.20160622-1.0',
318 silly addNameRange     '1.9.0-dev.20160623-1.0',
318 silly addNameRange     '1.9.0-dev.20160624-1.0',
318 silly addNameRange     '1.9.0-dev.20160625-1.0',
318 silly addNameRange     '1.9.0-dev.20160626-1.0',
318 silly addNameRange     '1.9.0-dev.20160627-1.0',
318 silly addNameRange     '2.0.0-dev.20160628',
318 silly addNameRange     '2.0.0-dev.20160629',
318 silly addNameRange     '2.0.0-dev.20160630',
318 silly addNameRange     '2.0.0-dev.20160701',
318 silly addNameRange     '2.0.0-dev.20160702',
318 silly addNameRange     '2.0.0-dev.20160703',
318 silly addNameRange     '2.0.0-dev.20160704',
318 silly addNameRange     '2.0.0-dev.20160705',
318 silly addNameRange     '2.0.0-dev.20160706',
318 silly addNameRange     '2.0.0-dev.20160707',
318 silly addNameRange     '2.0.0-dev.20160711',
318 silly addNameRange     '2.0.0',
318 silly addNameRange     '2.1.0-dev.20160712',
318 silly addNameRange     '2.1.0-dev.20160713',
318 silly addNameRange     '2.1.0-dev.20160714',
318 silly addNameRange     '2.1.0-dev.20160715',
318 silly addNameRange     '2.1.0-dev.20160716',
318 silly addNameRange     '2.1.0-dev.20160717',
318 silly addNameRange     '2.1.0-dev.20160718',
318 silly addNameRange     '2.1.0-dev.20160719',
318 silly addNameRange     '2.1.0-dev.20160720',
318 silly addNameRange     '2.1.0-dev.20160721',
318 silly addNameRange     '2.1.0-dev.20160722',
318 silly addNameRange     '2.1.0-dev.20160723',
318 silly addNameRange     '2.1.0-dev.20160724',
318 silly addNameRange     '2.1.0-dev.20160725',
318 silly addNameRange     '2.1.0-dev.20160726',
318 silly addNameRange     '2.1.0-dev.20160727',
318 silly addNameRange     '2.1.0-dev.20160728',
318 silly addNameRange     '2.1.0-dev.20160729',
318 silly addNameRange     '2.1.0-dev.20160730',
318 silly addNameRange     '2.1.0-dev.20160731',
318 silly addNameRange     '2.1.0-dev.20160801',
318 silly addNameRange     '2.1.0-dev.20160802',
318 silly addNameRange     '2.1.0-dev.20160803',
318 silly addNameRange     '2.1.0-dev.20160804',
318 silly addNameRange     '2.1.0-dev.20160805',
318 silly addNameRange     '2.1.0-dev.20160806',
318 silly addNameRange     '2.1.0-dev.20160807',
318 silly addNameRange     '2.1.0-dev.20160808',
318 silly addNameRange     '2.1.0-dev.20160809',
318 silly addNameRange     '2.1.0-dev.20160810',
318 silly addNameRange     '2.1.0-dev.20160811',
318 silly addNameRange     '2.1.0-dev.20160812',
318 silly addNameRange     '2.1.0-dev.20160813',
318 silly addNameRange     '2.1.0-dev.20160814',
318 silly addNameRange     '2.1.0-dev.20160815',
318 silly addNameRange     '2.1.0-dev.20160816',
318 silly addNameRange     '2.1.0-dev.20160817',
318 silly addNameRange     '2.1.0-dev.20160818',
318 silly addNameRange     '2.1.0-dev.20160819',
318 silly addNameRange     '2.1.0-dev.20160820',
318 silly addNameRange     '2.1.0-dev.20160821',
318 silly addNameRange     '2.1.0-dev.20160822',
318 silly addNameRange     '2.1.0-dev.20160823',
318 silly addNameRange     '2.1.0-dev.20160824',
318 silly addNameRange     '2.1.0-dev.20160825',
318 silly addNameRange     '2.1.0-dev.20160826',
318 silly addNameRange     '2.1.0-dev.20160827',
318 silly addNameRange     '2.1.0-dev.20160828',
318 silly addNameRange     '2.1.0-dev.20160829',
318 silly addNameRange     '2.1.0-dev.20160830',
318 silly addNameRange     '2.0.2',
318 silly addNameRange     '2.1.0-dev.20160831',
318 silly addNameRange     '2.1.0-dev.20160901',
318 silly addNameRange     '2.1.0-dev.20160902',
318 silly addNameRange     '2.1.0-dev.20160903' ] ]
319 verbose addNamed [ 'typescript', '1.8.10' ]
320 verbose addNamed [ '1.8.10', '1.8.10' ]
321 silly lockFile 1c978ea3-typescript-1-8-10 typescript@1.8.10
322 verbose lock typescript@1.8.10 /Users/linux_dev/.npm/1c978ea3-typescript-1-8-10.lock
323 http 200 https://registry.npmjs.org/zone.js/-/zone.js-0.6.10.tgz
324 silly lockFile 3c2e900e-typescript-typescript-1-8-10-tgz https://registry.npmjs.org/typescript/-/typescript-1.8.10.tgz
325 verbose lock https://registry.npmjs.org/typescript/-/typescript-1.8.10.tgz /Users/linux_dev/.npm/3c2e900e-typescript-typescript-1-8-10-tgz.lock
326 verbose addRemoteTarball [ 'https://registry.npmjs.org/typescript/-/typescript-1.8.10.tgz',
326 verbose addRemoteTarball   'b475d6e0dff0bf50f296e5ca6ef9fbb5c7320f1e' ]
327 info retry fetch attempt 1 at 00:04:12
328 verbose fetch to= /var/folders/l7/9sndrqb509g202x441f6rx0h0000gr/T/npm-3068-m3dTrDfF/registry.npmjs.org/typescript/-/typescript-1.8.10.tgz
329 http GET https://registry.npmjs.org/typescript/-/typescript-1.8.10.tgz
330 http 200 https://registry.npmjs.org/systemjs/-/systemjs-0.19.26.tgz
331 http 200 https://registry.npmjs.org/bootstrap/-/bootstrap-3.3.7.tgz
332 http 200 https://registry.npmjs.org/rxjs/-/rxjs-5.0.0-beta.2.tgz
333 silly lockFile cd27abb7-adata-reflect-metadata-0-1-2-tgz https://registry.npmjs.org/reflect-metadata/-/reflect-metadata-0.1.2.tgz
334 silly lockFile cd27abb7-adata-reflect-metadata-0-1-2-tgz https://registry.npmjs.org/reflect-metadata/-/reflect-metadata-0.1.2.tgz
335 silly lockFile 3443f81d-reflect-metadata-0-1-2 reflect-metadata@0.1.2
336 silly lockFile 3443f81d-reflect-metadata-0-1-2 reflect-metadata@0.1.2
337 silly lockFile 98a29a3c-org-es6-shim-es6-shim-0-35-1-tgz https://registry.npmjs.org/es6-shim/-/es6-shim-0.35.1.tgz
338 silly lockFile 98a29a3c-org-es6-shim-es6-shim-0-35-1-tgz https://registry.npmjs.org/es6-shim/-/es6-shim-0.35.1.tgz
339 silly lockFile 810e409b-es6-shim-0-35-1 es6-shim@0.35.1
340 silly lockFile 810e409b-es6-shim-0-35-1 es6-shim@0.35.1
341 silly lockFile 81d8abc2-s-org-zone-js-zone-js-0-6-10-tgz https://registry.npmjs.org/zone.js/-/zone.js-0.6.10.tgz
342 silly lockFile 81d8abc2-s-org-zone-js-zone-js-0-6-10-tgz https://registry.npmjs.org/zone.js/-/zone.js-0.6.10.tgz
343 silly lockFile e2b5e234-es6-shim-0-35-0 es6-shim@^0.35.0
344 silly lockFile e2b5e234-es6-shim-0-35-0 es6-shim@^0.35.0
345 silly lockFile e432be05-zone-js-0-6-10 zone.js@0.6.10
346 silly lockFile e432be05-zone-js-0-6-10 zone.js@0.6.10
347 http 200 https://registry.npmjs.org/concurrently/-/concurrently-2.2.0.tgz
348 http 200 https://registry.npmjs.org/lite-server/-/lite-server-2.2.2.tgz
349 silly lockFile cc462207-ite-server-lite-server-2-2-2-tgz https://registry.npmjs.org/lite-server/-/lite-server-2.2.2.tgz
350 silly lockFile cc462207-ite-server-lite-server-2-2-2-tgz https://registry.npmjs.org/lite-server/-/lite-server-2.2.2.tgz
351 silly lockFile dc5db658-lite-server-2-2-2 lite-server@2.2.2
352 silly lockFile dc5db658-lite-server-2-2-2 lite-server@2.2.2
353 silly lockFile 492ac1bf-lite-server-2-2-0 lite-server@^2.2.0
354 silly lockFile 492ac1bf-lite-server-2-2-0 lite-server@^2.2.0
355 silly lockFile cdd865a3-rg-systemjs-systemjs-0-19-26-tgz https://registry.npmjs.org/systemjs/-/systemjs-0.19.26.tgz
356 silly lockFile cdd865a3-rg-systemjs-systemjs-0-19-26-tgz https://registry.npmjs.org/systemjs/-/systemjs-0.19.26.tgz
357 silly lockFile 21eb813b-systemjs-0-19-26 systemjs@0.19.26
358 silly lockFile 21eb813b-systemjs-0-19-26 systemjs@0.19.26
359 http 200 https://registry.npmjs.org/angular2/-/angular2-2.0.0-beta.15.tgz
360 http 200 https://registry.npmjs.org/typings/-/typings-0.7.12.tgz
361 silly lockFile 5f0a8947-s-org-typings-typings-0-7-12-tgz https://registry.npmjs.org/typings/-/typings-0.7.12.tgz
362 silly lockFile 5f0a8947-s-org-typings-typings-0-7-12-tgz https://registry.npmjs.org/typings/-/typings-0.7.12.tgz
363 silly lockFile 647ba7ee-typings-0-7-12 typings@0.7.12
364 silly lockFile 647ba7ee-typings-0-7-12 typings@0.7.12
365 silly lockFile b475a3f4-typings-0-7-12 typings@^0.7.12
366 silly lockFile b475a3f4-typings-0-7-12 typings@^0.7.12
367 silly lockFile c393c01f-rg-bootstrap-bootstrap-3-3-7-tgz https://registry.npmjs.org/bootstrap/-/bootstrap-3.3.7.tgz
368 silly lockFile c393c01f-rg-bootstrap-bootstrap-3-3-7-tgz https://registry.npmjs.org/bootstrap/-/bootstrap-3.3.7.tgz
369 silly lockFile 7976a4e0-bootstrap-3-3-7 bootstrap@3.3.7
370 silly lockFile 7976a4e0-bootstrap-3-3-7 bootstrap@3.3.7
371 silly lockFile 2b45a5a4-bootstrap-3-3-6 bootstrap@^3.3.6
372 silly lockFile 2b45a5a4-bootstrap-3-3-6 bootstrap@^3.3.6
373 http 200 https://registry.npmjs.org/typescript/-/typescript-1.8.10.tgz
374 silly lockFile 5b876f05-currently-concurrently-2-2-0-tgz https://registry.npmjs.org/concurrently/-/concurrently-2.2.0.tgz
375 silly lockFile 5b876f05-currently-concurrently-2-2-0-tgz https://registry.npmjs.org/concurrently/-/concurrently-2.2.0.tgz
376 silly lockFile 66b34cb7-concurrently-2-2-0 concurrently@2.2.0
377 silly lockFile 66b34cb7-concurrently-2-2-0 concurrently@2.2.0
378 silly lockFile fbc10fe1-concurrently-2-0-0 concurrently@^2.0.0
379 silly lockFile fbc10fe1-concurrently-2-0-0 concurrently@^2.0.0
380 silly lockFile ae0da9a0-s-org-rxjs-rxjs-5-0-0-beta-2-tgz https://registry.npmjs.org/rxjs/-/rxjs-5.0.0-beta.2.tgz
381 silly lockFile ae0da9a0-s-org-rxjs-rxjs-5-0-0-beta-2-tgz https://registry.npmjs.org/rxjs/-/rxjs-5.0.0-beta.2.tgz
382 silly lockFile 0a158e3a-rxjs-5-0-0-beta-2 rxjs@5.0.0-beta.2
383 silly lockFile 0a158e3a-rxjs-5-0-0-beta-2 rxjs@5.0.0-beta.2
384 silly lockFile 3c2e900e-typescript-typescript-1-8-10-tgz https://registry.npmjs.org/typescript/-/typescript-1.8.10.tgz
385 silly lockFile 3c2e900e-typescript-typescript-1-8-10-tgz https://registry.npmjs.org/typescript/-/typescript-1.8.10.tgz
386 silly lockFile 1c978ea3-typescript-1-8-10 typescript@1.8.10
387 silly lockFile 1c978ea3-typescript-1-8-10 typescript@1.8.10
388 silly lockFile 9c6da458-typescript-1-8-10 typescript@^1.8.10
389 silly lockFile 9c6da458-typescript-1-8-10 typescript@^1.8.10
390 silly lockFile 2dc82909-ular2-angular2-2-0-0-beta-15-tgz https://registry.npmjs.org/angular2/-/angular2-2.0.0-beta.15.tgz
391 silly lockFile 2dc82909-ular2-angular2-2-0-0-beta-15-tgz https://registry.npmjs.org/angular2/-/angular2-2.0.0-beta.15.tgz
392 silly lockFile 104393a3-angular2-2-0-0-beta-15 angular2@2.0.0-beta.15
393 silly lockFile 104393a3-angular2-2-0-0-beta-15 angular2@2.0.0-beta.15
394 error Error: EACCES, mkdir '/Users/linux_dev/.npm/bootstrap/3.3.7'
394 error  { [Error: EACCES, mkdir '/Users/linux_dev/.npm/bootstrap/3.3.7']
394 error   errno: 3,
394 error   code: 'EACCES',
394 error   path: '/Users/linux_dev/.npm/bootstrap/3.3.7',
394 error   parent: 'product-management' }
395 error Please try running this command again as root/Administrator.
396 error System Darwin 15.4.0
397 error command "node" "/usr/local/bin/npm" "install"
398 error cwd /Users/linux_dev/Angular2SampleApp/Angular2-GettingStarted/APM
399 error node -v v0.10.35
400 error npm -v 1.4.28
401 error path /Users/linux_dev/.npm/bootstrap/3.3.7
402 error code EACCES
403 error errno 3
404 error stack Error: EACCES, mkdir '/Users/linux_dev/.npm/bootstrap/3.3.7'
405 verbose exit [ 3, true ]
